{"meta": {"format": 3, "version": "7.10.7", "timestamp": "2025-10-30T16:19:44.717283", "branch_coverage": false, "show_contexts": false}, "files": {"src/__init__.py": {"executed_lines": [1, 3, 4, 12], "summary": {"covered_lines": 3, "num_statements": 3, "percent_covered": 100.0, "percent_covered_display": "100", "missing_lines": 0, "excluded_lines": 0}, "missing_lines": [], "excluded_lines": [], "functions": {"": {"executed_lines": [1, 3, 4, 12], "summary": {"covered_lines": 3, "num_statements": 3, "percent_covered": 100.0, "percent_covered_display": "100", "missing_lines": 0, "excluded_lines": 0}, "missing_lines": [], "excluded_lines": []}}, "classes": {"": {"executed_lines": [1, 3, 4, 12], "summary": {"covered_lines": 3, "num_statements": 3, "percent_covered": 100.0, "percent_covered_display": "100", "missing_lines": 0, "excluded_lines": 0}, "missing_lines": [], "excluded_lines": []}}}, "src/context_engine_v2.py": {"executed_lines": [], "summary": {"covered_lines": 0, "num_statements": 72, "percent_covered": 0.0, "percent_covered_display": "0", "missing_lines": 72, "excluded_lines": 0}, "missing_lines": [3, 4, 5, 7, 8, 9, 17, 30, 36, 37, 41, 44, 46, 48, 58, 59, 60, 62, 65, 68, 69, 76, 78, 80, 90, 91, 92, 93, 95, 98, 101, 104, 105, 106, 107, 110, 119, 122, 124, 125, 136, 139, 141, 142, 143, 144, 146, 156, 165, 166, 167, 178, 187, 189, 199, 206, 207, 208, 210, 212, 213, 216, 227, 229, 231, 232, 233, 235, 237, 239, 241, 243], "excluded_lines": [], "functions": {"ContextEngineV2.__init__": {"executed_lines": [], "summary": {"covered_lines": 0, "num_statements": 5, "percent_covered": 0.0, "percent_covered_display": "0", "missing_lines": 5, "excluded_lines": 0}, "missing_lines": [36, 37, 41, 44, 46], "excluded_lines": []}, "ContextEngineV2.publish_data": {"executed_lines": [], "summary": {"covered_lines": 0, "num_statements": 9, "percent_covered": 0.0, "percent_covered_display": "0", "missing_lines": 9, "excluded_lines": 0}, "missing_lines": [58, 59, 60, 62, 65, 68, 69, 76, 78], "excluded_lines": []}, "ContextEngineV2.register_agent": {"executed_lines": [], "summary": {"covered_lines": 0, "num_statements": 23, "percent_covered": 0.0, "percent_covered_display": "0", "missing_lines": 23, "excluded_lines": 0}, "missing_lines": [90, 91, 92, 93, 95, 98, 101, 104, 105, 106, 107, 110, 119, 122, 124, 125, 136, 139, 141, 142, 143, 144, 146], "excluded_lines": []}, "ContextEngineV2._send_initial_context": {"executed_lines": [], "summary": {"covered_lines": 0, "num_statements": 5, "percent_covered": 0.0, "percent_covered_display": "0", "missing_lines": 5, "excluded_lines": 0}, "missing_lines": [165, 166, 167, 178, 187], "excluded_lines": []}, "ContextEngineV2._notify_affected_agents": {"executed_lines": [], "summary": {"covered_lines": 0, "num_statements": 9, "percent_covered": 0.0, "percent_covered_display": "0", "missing_lines": 9, "excluded_lines": 0}, "missing_lines": [199, 206, 207, 208, 210, 212, 213, 216, 227], "excluded_lines": []}, "ContextEngineV2.unregister_agent": {"executed_lines": [], "summary": {"covered_lines": 0, "num_statements": 4, "percent_covered": 0.0, "percent_covered_display": "0", "missing_lines": 4, "excluded_lines": 0}, "missing_lines": [231, 232, 233, 235], "excluded_lines": []}, "ContextEngineV2.get_registered_agents": {"executed_lines": [], "summary": {"covered_lines": 0, "num_statements": 1, "percent_covered": 0.0, "percent_covered_display": "0", "missing_lines": 1, "excluded_lines": 0}, "missing_lines": [239], "excluded_lines": []}, "ContextEngineV2.get_agent_info": {"executed_lines": [], "summary": {"covered_lines": 0, "num_statements": 1, "percent_covered": 0.0, "percent_covered_display": "0", "missing_lines": 1, "excluded_lines": 0}, "missing_lines": [243], "excluded_lines": []}, "": {"executed_lines": [], "summary": {"covered_lines": 0, "num_statements": 15, "percent_covered": 0.0, "percent_covered_display": "0", "missing_lines": 15, "excluded_lines": 0}, "missing_lines": [3, 4, 5, 7, 8, 9, 17, 30, 48, 80, 156, 189, 229, 237, 241], "excluded_lines": []}}, "classes": {"ContextEngineV2": {"executed_lines": [], "summary": {"covered_lines": 0, "num_statements": 57, "percent_covered": 0.0, "percent_covered_display": "0", "missing_lines": 57, "excluded_lines": 0}, "missing_lines": [36, 37, 41, 44, 46, 58, 59, 60, 62, 65, 68, 69, 76, 78, 90, 91, 92, 93, 95, 98, 101, 104, 105, 106, 107, 110, 119, 122, 124, 125, 136, 139, 141, 142, 143, 144, 146, 165, 166, 167, 178, 187, 199, 206, 207, 208, 210, 212, 213, 216, 227, 231, 232, 233, 235, 239, 243], "excluded_lines": []}, "": {"executed_lines": [], "summary": {"covered_lines": 0, "num_statements": 15, "percent_covered": 0.0, "percent_covered_display": "0", "missing_lines": 15, "excluded_lines": 0}, "missing_lines": [3, 4, 5, 7, 8, 9, 17, 30, 48, 80, 156, 189, 229, 237, 241], "excluded_lines": []}}}, "src/event_bus.py": {"executed_lines": [1, 3, 4, 5, 6, 8, 9, 10, 13, 14, 26, 27, 30, 39, 45, 46, 47, 48, 49, 52, 55, 57, 59, 61, 64, 65, 67, 70, 71, 73, 75, 76, 78, 79, 80, 82, 84, 86, 88, 89, 90, 93, 94, 96, 104, 106, 107, 109, 111, 113, 116, 117, 121, 124, 125, 127, 132, 135, 137, 138, 139, 141, 144, 145, 146, 148, 153, 163, 164, 169, 172, 173, 174, 175, 176, 177, 186, 188, 190, 192, 194, 195, 200, 201, 205, 208, 211, 212, 215, 217, 222, 224, 225, 227, 229, 240, 243, 244, 247, 248, 250, 251, 260, 296, 300], "summary": {"covered_lines": 103, "num_statements": 149, "percent_covered": 69.12751677852349, "percent_covered_display": "69", "missing_lines": 46, "excluded_lines": 0}, "missing_lines": [91, 97, 98, 100, 101, 102, 112, 118, 119, 128, 129, 150, 151, 178, 179, 180, 181, 182, 183, 196, 197, 202, 203, 219, 220, 253, 255, 256, 258, 274, 275, 277, 278, 280, 281, 282, 283, 284, 285, 287, 291, 293, 294, 298, 302, 303], "excluded_lines": [], "functions": {"ContextEventBus.__init__": {"executed_lines": [45, 46, 47, 48, 49, 52, 55], "summary": {"covered_lines": 7, "num_statements": 7, "percent_covered": 100.0, "percent_covered_display": "100", "missing_lines": 0, "excluded_lines": 0}, "missing_lines": [], "excluded_lines": []}, "ContextEventBus.start": {"executed_lines": [59, 61, 64, 65, 67, 70, 71], "summary": {"covered_lines": 7, "num_statements": 7, "percent_covered": 100.0, "percent_covered_display": "100", "missing_lines": 0, "excluded_lines": 0}, "missing_lines": [], "excluded_lines": []}, "ContextEventBus.stop": {"executed_lines": [75, 76, 78, 79, 80, 82], "summary": {"covered_lines": 6, "num_statements": 6, "percent_covered": 100.0, "percent_covered_display": "100", "missing_lines": 0, "excluded_lines": 0}, "missing_lines": [], "excluded_lines": []}, "ContextEventBus._listen_loop": {"executed_lines": [86, 88, 89, 90, 93, 94, 96], "summary": {"covered_lines": 7, "num_statements": 13, "percent_covered": 53.84615384615385, "percent_covered_display": "54", "missing_lines": 6, "excluded_lines": 0}, "missing_lines": [91, 97, 98, 100, 101, 102], "excluded_lines": []}, "ContextEventBus._handle_event": {"executed_lines": [106, 107, 109, 111, 113, 116, 117, 121, 124, 125, 127, 132, 135, 137, 138, 139, 141, 144, 145, 146, 148], "summary": {"covered_lines": 21, "num_statements": 28, "percent_covered": 75.0, "percent_covered_display": "75", "missing_lines": 7, "excluded_lines": 0}, "missing_lines": [112, 118, 119, 128, 129, 150, 151], "excluded_lines": []}, "ContextEventBus._update_project_state": {"executed_lines": [163, 164, 169, 172, 173, 174, 175, 176, 177, 186, 188], "summary": {"covered_lines": 11, "num_statements": 17, "percent_covered": 64.70588235294117, "percent_covered_display": "65", "missing_lines": 6, "excluded_lines": 0}, "missing_lines": [178, 179, 180, 181, 182, 183], "excluded_lines": []}, "ContextEventBus._regenerate_agent_context": {"executed_lines": [192, 194, 195, 200, 201, 205, 208, 211, 212, 215, 217], "summary": {"covered_lines": 11, "num_statements": 17, "percent_covered": 64.70588235294117, "percent_covered_display": "65", "missing_lines": 6, "excluded_lines": 0}, "missing_lines": [196, 197, 202, 203, 219, 220], "excluded_lines": []}, "ContextEventBus._publish_context_update": {"executed_lines": [224, 225, 227], "summary": {"covered_lines": 3, "num_statements": 3, "percent_covered": 100.0, "percent_covered_display": "100", "missing_lines": 0, "excluded_lines": 0}, "missing_lines": [], "excluded_lines": []}, "ContextEventBus.get_context": {"executed_lines": [240, 243, 244, 247, 248, 250, 251], "summary": {"covered_lines": 7, "num_statements": 11, "percent_covered": 63.63636363636363, "percent_covered_display": "64", "missing_lines": 4, "excluded_lines": 0}, "missing_lines": [253, 255, 256, 258], "excluded_lines": []}, "ContextEventBus.subscribe_to_agent_updates": {"executed_lines": [], "summary": {"covered_lines": 0, "num_statements": 14, "percent_covered": 0.0, "percent_covered_display": "0", "missing_lines": 14, "excluded_lines": 0}, "missing_lines": [274, 275, 277, 278, 280, 281, 282, 283, 284, 285, 287, 291, 293, 294], "excluded_lines": []}, "ContextEventBus.get_project_state": {"executed_lines": [], "summary": {"covered_lines": 0, "num_statements": 1, "percent_covered": 0.0, "percent_covered_display": "0", "missing_lines": 1, "excluded_lines": 0}, "missing_lines": [298], "excluded_lines": []}, "ContextEventBus.update_project_state_manually": {"executed_lines": [], "summary": {"covered_lines": 0, "num_statements": 2, "percent_covered": 0.0, "percent_covered_display": "0", "missing_lines": 2, "excluded_lines": 0}, "missing_lines": [302, 303], "excluded_lines": []}, "": {"executed_lines": [1, 3, 4, 5, 6, 8, 9, 10, 13, 14, 26, 27, 30, 39, 57, 73, 84, 104, 153, 190, 222, 229, 260, 296, 300], "summary": {"covered_lines": 23, "num_statements": 23, "percent_covered": 100.0, "percent_covered_display": "100", "missing_lines": 0, "excluded_lines": 0}, "missing_lines": [], "excluded_lines": []}}, "classes": {"ContextEventBus": {"executed_lines": [45, 46, 47, 48, 49, 52, 55, 59, 61, 64, 65, 67, 70, 71, 75, 76, 78, 79, 80, 82, 86, 88, 89, 90, 93, 94, 96, 106, 107, 109, 111, 113, 116, 117, 121, 124, 125, 127, 132, 135, 137, 138, 139, 141, 144, 145, 146, 148, 163, 164, 169, 172, 173, 174, 175, 176, 177, 186, 188, 192, 194, 195, 200, 201, 205, 208, 211, 212, 215, 217, 224, 225, 227, 240, 243, 244, 247, 248, 250, 251], "summary": {"covered_lines": 80, "num_statements": 126, "percent_covered": 63.492063492063494, "percent_covered_display": "63", "missing_lines": 46, "excluded_lines": 0}, "missing_lines": [91, 97, 98, 100, 101, 102, 112, 118, 119, 128, 129, 150, 151, 178, 179, 180, 181, 182, 183, 196, 197, 202, 203, 219, 220, 253, 255, 256, 258, 274, 275, 277, 278, 280, 281, 282, 283, 284, 285, 287, 291, 293, 294, 298, 302, 303], "excluded_lines": []}, "": {"executed_lines": [1, 3, 4, 5, 6, 8, 9, 10, 13, 14, 26, 27, 30, 39, 57, 73, 84, 104, 153, 190, 222, 229, 260, 296, 300], "summary": {"covered_lines": 23, "num_statements": 23, "percent_covered": 100.0, "percent_covered_display": "100", "missing_lines": 0, "excluded_lines": 0}, "missing_lines": [], "excluded_lines": []}}}, "src/event_store.py": {"executed_lines": [], "summary": {"covered_lines": 0, "num_statements": 57, "percent_covered": 0.0, "percent_covered_display": "0", "missing_lines": 57, "excluded_lines": 0}, "missing_lines": [3, 4, 5, 8, 19, 20, 22, 39, 42, 51, 53, 55, 57, 74, 78, 83, 85, 86, 87, 89, 91, 92, 94, 95, 96, 98, 104, 106, 108, 123, 127, 134, 136, 138, 140, 141, 143, 144, 145, 147, 153, 155, 157, 167, 170, 177, 178, 179, 180, 182, 184, 186, 187, 189, 191, 192, 193], "excluded_lines": [], "functions": {"EventStore.__init__": {"executed_lines": [], "summary": {"covered_lines": 0, "num_statements": 1, "percent_covered": 0.0, "percent_covered_display": "0", "missing_lines": 1, "excluded_lines": 0}, "missing_lines": [20], "excluded_lines": []}, "EventStore.append_event": {"executed_lines": [], "summary": {"covered_lines": 0, "num_statements": 5, "percent_covered": 0.0, "percent_covered_display": "0", "missing_lines": 5, "excluded_lines": 0}, "missing_lines": [39, 42, 51, 53, 55], "excluded_lines": []}, "EventStore.get_events_since": {"executed_lines": [], "summary": {"covered_lines": 0, "num_statements": 15, "percent_covered": 0.0, "percent_covered_display": "0", "missing_lines": 15, "excluded_lines": 0}, "missing_lines": [74, 78, 83, 85, 86, 87, 89, 91, 92, 94, 95, 96, 98, 104, 106], "excluded_lines": []}, "EventStore.get_all_events": {"executed_lines": [], "summary": {"covered_lines": 0, "num_statements": 13, "percent_covered": 0.0, "percent_covered_display": "0", "missing_lines": 13, "excluded_lines": 0}, "missing_lines": [123, 127, 134, 136, 138, 140, 141, 143, 144, 145, 147, 153, 155], "excluded_lines": []}, "EventStore.get_latest_sequence": {"executed_lines": [], "summary": {"covered_lines": 0, "num_statements": 7, "percent_covered": 0.0, "percent_covered_display": "0", "missing_lines": 7, "excluded_lines": 0}, "missing_lines": [167, 170, 177, 178, 179, 180, 182], "excluded_lines": []}, "EventStore.get_stream_length": {"executed_lines": [], "summary": {"covered_lines": 0, "num_statements": 2, "percent_covered": 0.0, "percent_covered_display": "0", "missing_lines": 2, "excluded_lines": 0}, "missing_lines": [186, 187], "excluded_lines": []}, "EventStore.delete_project_events": {"executed_lines": [], "summary": {"covered_lines": 0, "num_statements": 3, "percent_covered": 0.0, "percent_covered_display": "0", "missing_lines": 3, "excluded_lines": 0}, "missing_lines": [191, 192, 193], "excluded_lines": []}, "": {"executed_lines": [], "summary": {"covered_lines": 0, "num_statements": 11, "percent_covered": 0.0, "percent_covered_display": "0", "missing_lines": 11, "excluded_lines": 0}, "missing_lines": [3, 4, 5, 8, 19, 22, 57, 108, 157, 184, 189], "excluded_lines": []}}, "classes": {"EventStore": {"executed_lines": [], "summary": {"covered_lines": 0, "num_statements": 46, "percent_covered": 0.0, "percent_covered_display": "0", "missing_lines": 46, "excluded_lines": 0}, "missing_lines": [20, 39, 42, 51, 53, 55, 74, 78, 83, 85, 86, 87, 89, 91, 92, 94, 95, 96, 98, 104, 106, 123, 127, 134, 136, 138, 140, 141, 143, 144, 145, 147, 153, 155, 167, 170, 177, 178, 179, 180, 182, 186, 187, 191, 192, 193], "excluded_lines": []}, "": {"executed_lines": [], "summary": {"covered_lines": 0, "num_statements": 11, "percent_covered": 0.0, "percent_covered_display": "0", "missing_lines": 11, "excluded_lines": 0}, "missing_lines": [3, 4, 5, 8, 19, 22, 57, 108, 157, 184, 189], "excluded_lines": []}}}, "src/llm_context_generator.py": {"executed_lines": [1, 3, 4, 5, 6, 7, 8, 10, 13, 14, 16, 34, 35, 36, 37, 38, 40, 41, 42, 44, 46, 48, 51, 57, 64, 65, 67, 70, 85, 89, 92, 95, 98, 100, 102, 108, 110, 111, 112, 113, 115, 117, 125, 126, 127, 132, 133, 136, 174, 176, 180, 181, 188, 190, 215, 224, 226, 230, 231, 232, 234, 235, 236, 237, 238, 239, 240, 241, 242, 244, 245, 248, 249, 250, 251, 253, 254, 258, 266, 267, 268, 272, 273, 276, 278, 280, 286, 297, 299, 300, 301, 302, 305, 315, 318, 319, 321, 323, 324, 325, 326, 327], "summary": {"covered_lines": 100, "num_statements": 117, "percent_covered": 85.47008547008546, "percent_covered_display": "85", "missing_lines": 17, "excluded_lines": 0}, "missing_lines": [86, 134, 194, 197, 198, 208, 211, 213, 255, 256, 260, 261, 262, 263, 269, 281, 283], "excluded_lines": [], "functions": {"LLMContextGenerator.__init__": {"executed_lines": [34, 35, 36, 37, 38, 40, 41, 42, 44], "summary": {"covered_lines": 9, "num_statements": 9, "percent_covered": 100.0, "percent_covered_display": "100", "missing_lines": 0, "excluded_lines": 0}, "missing_lines": [], "excluded_lines": []}, "LLMContextGenerator.initialize": {"executed_lines": [48, 51, 57, 64, 65, 67], "summary": {"covered_lines": 6, "num_statements": 6, "percent_covered": 100.0, "percent_covered_display": "100", "missing_lines": 0, "excluded_lines": 0}, "missing_lines": [], "excluded_lines": []}, "LLMContextGenerator.generate_context": {"executed_lines": [85, 89, 92, 95, 98, 100], "summary": {"covered_lines": 6, "num_statements": 7, "percent_covered": 85.71428571428571, "percent_covered_display": "86", "missing_lines": 1, "excluded_lines": 0}, "missing_lines": [86], "excluded_lines": []}, "LLMContextGenerator._extract_relevant_data": {"executed_lines": [108, 110, 111, 112, 113, 115], "summary": {"covered_lines": 6, "num_statements": 6, "percent_covered": 100.0, "percent_covered_display": "100", "missing_lines": 0, "excluded_lines": 0}, "missing_lines": [], "excluded_lines": []}, "LLMContextGenerator._build_context_prompt": {"executed_lines": [125, 126, 127, 132, 133, 136, 174], "summary": {"covered_lines": 7, "num_statements": 8, "percent_covered": 87.5, "percent_covered_display": "88", "missing_lines": 1, "excluded_lines": 0}, "missing_lines": [134], "excluded_lines": []}, "LLMContextGenerator._generate_with_llm": {"executed_lines": [180, 181, 188], "summary": {"covered_lines": 3, "num_statements": 3, "percent_covered": 100.0, "percent_covered_display": "100", "missing_lines": 0, "excluded_lines": 0}, "missing_lines": [], "excluded_lines": []}, "LLMContextGenerator._generate_sync": {"executed_lines": [], "summary": {"covered_lines": 0, "num_statements": 6, "percent_covered": 0.0, "percent_covered_display": "0", "missing_lines": 6, "excluded_lines": 0}, "missing_lines": [194, 197, 198, 208, 211, 213], "excluded_lines": []}, "LLMContextGenerator._parse_llm_response": {"executed_lines": [224, 226, 230, 231, 232, 234, 235, 236, 237, 238, 239, 240, 241, 242, 244, 245, 248, 249, 250, 251, 253, 254, 258, 266, 267, 268, 272, 273, 276, 278, 280, 286, 297, 299, 300, 301, 302, 305], "summary": {"covered_lines": 38, "num_statements": 47, "percent_covered": 80.85106382978724, "percent_covered_display": "81", "missing_lines": 9, "excluded_lines": 0}, "missing_lines": [255, 256, 260, 261, 262, 263, 269, 281, 283], "excluded_lines": []}, "LLMContextGenerator._estimate_memory": {"executed_lines": [318, 319], "summary": {"covered_lines": 2, "num_statements": 2, "percent_covered": 100.0, "percent_covered_display": "100", "missing_lines": 0, "excluded_lines": 0}, "missing_lines": [], "excluded_lines": []}, "LLMContextGenerator.shutdown": {"executed_lines": [323, 324, 325, 326, 327], "summary": {"covered_lines": 5, "num_statements": 5, "percent_covered": 100.0, "percent_covered_display": "100", "missing_lines": 0, "excluded_lines": 0}, "missing_lines": [], "excluded_lines": []}, "": {"executed_lines": [1, 3, 4, 5, 6, 7, 8, 10, 13, 14, 16, 46, 70, 102, 117, 176, 190, 215, 315, 321], "summary": {"covered_lines": 18, "num_statements": 18, "percent_covered": 100.0, "percent_covered_display": "100", "missing_lines": 0, "excluded_lines": 0}, "missing_lines": [], "excluded_lines": []}}, "classes": {"LLMContextGenerator": {"executed_lines": [34, 35, 36, 37, 38, 40, 41, 42, 44, 48, 51, 57, 64, 65, 67, 85, 89, 92, 95, 98, 100, 108, 110, 111, 112, 113, 115, 125, 126, 127, 132, 133, 136, 174, 180, 181, 188, 224, 226, 230, 231, 232, 234, 235, 236, 237, 238, 239, 240, 241, 242, 244, 245, 248, 249, 250, 251, 253, 254, 258, 266, 267, 268, 272, 273, 276, 278, 280, 286, 297, 299, 300, 301, 302, 305, 318, 319, 323, 324, 325, 326, 327], "summary": {"covered_lines": 82, "num_statements": 99, "percent_covered": 82.82828282828282, "percent_covered_display": "83", "missing_lines": 17, "excluded_lines": 0}, "missing_lines": [86, 134, 194, 197, 198, 208, 211, 213, 255, 256, 260, 261, 262, 263, 269, 281, 283], "excluded_lines": []}, "": {"executed_lines": [1, 3, 4, 5, 6, 7, 8, 10, 13, 14, 16, 46, 70, 102, 117, 176, 190, 215, 315, 321], "summary": {"covered_lines": 18, "num_statements": 18, "percent_covered": 100.0, "percent_covered_display": "100", "missing_lines": 0, "excluded_lines": 0}, "missing_lines": [], "excluded_lines": []}}}, "src/models.py": {"executed_lines": [1, 3, 4, 5, 6, 9, 10, 11, 12, 13, 14, 15, 16, 17, 20, 21, 22, 23, 24, 27, 28, 29, 31, 32, 33, 36, 39, 40, 43, 46, 47, 50, 51, 52, 54, 55, 58, 59, 60, 61, 62, 63, 66, 67, 69, 71, 80, 83, 84, 85, 87, 88, 91, 92, 93, 94, 97, 100, 101, 102, 104, 106], "summary": {"covered_lines": 56, "num_statements": 56, "percent_covered": 100.0, "percent_covered_display": "100", "missing_lines": 0, "excluded_lines": 0}, "missing_lines": [], "excluded_lines": [], "functions": {"ProjectState.get_scope_data": {"executed_lines": [71, 80], "summary": {"covered_lines": 2, "num_statements": 2, "percent_covered": 100.0, "percent_covered_display": "100", "missing_lines": 0, "excluded_lines": 0}, "missing_lines": [], "excluded_lines": []}, "AgentContext.to_dict": {"executed_lines": [106], "summary": {"covered_lines": 1, "num_statements": 1, "percent_covered": 100.0, "percent_covered_display": "100", "missing_lines": 0, "excluded_lines": 0}, "missing_lines": [], "excluded_lines": []}, "": {"executed_lines": [1, 3, 4, 5, 6, 9, 10, 11, 12, 13, 14, 15, 16, 17, 20, 21, 22, 23, 24, 27, 28, 29, 31, 32, 33, 36, 39, 40, 43, 46, 47, 50, 51, 52, 54, 55, 58, 59, 60, 61, 62, 63, 66, 67, 69, 83, 84, 85, 87, 88, 91, 92, 93, 94, 97, 100, 101, 102, 104], "summary": {"covered_lines": 53, "num_statements": 53, "percent_covered": 100.0, "percent_covered_display": "100", "missing_lines": 0, "excluded_lines": 0}, "missing_lines": [], "excluded_lines": []}}, "classes": {"ContextScope": {"executed_lines": [], "summary": {"covered_lines": 0, "num_statements": 0, "percent_covered": 100.0, "percent_covered_display": "100", "missing_lines": 0, "excluded_lines": 0}, "missing_lines": [], "excluded_lines": []}, "UpdateFrequency": {"executed_lines": [], "summary": {"covered_lines": 0, "num_statements": 0, "percent_covered": 100.0, "percent_covered_display": "100", "missing_lines": 0, "excluded_lines": 0}, "missing_lines": [], "excluded_lines": []}, "AgentContextProfile": {"executed_lines": [], "summary": {"covered_lines": 0, "num_statements": 0, "percent_covered": 100.0, "percent_covered_display": "100", "missing_lines": 0, "excluded_lines": 0}, "missing_lines": [], "excluded_lines": []}, "ProjectState": {"executed_lines": [71, 80], "summary": {"covered_lines": 2, "num_statements": 2, "percent_covered": 100.0, "percent_covered_display": "100", "missing_lines": 0, "excluded_lines": 0}, "missing_lines": [], "excluded_lines": []}, "AgentContext": {"executed_lines": [106], "summary": {"covered_lines": 1, "num_statements": 1, "percent_covered": 100.0, "percent_covered_display": "100", "missing_lines": 0, "excluded_lines": 0}, "missing_lines": [], "excluded_lines": []}, "": {"executed_lines": [1, 3, 4, 5, 6, 9, 10, 11, 12, 13, 14, 15, 16, 17, 20, 21, 22, 23, 24, 27, 28, 29, 31, 32, 33, 36, 39, 40, 43, 46, 47, 50, 51, 52, 54, 55, 58, 59, 60, 61, 62, 63, 66, 67, 69, 83, 84, 85, 87, 88, 91, 92, 93, 94, 97, 100, 101, 102, 104], "summary": {"covered_lines": 53, "num_statements": 53, "percent_covered": 100.0, "percent_covered_display": "100", "missing_lines": 0, "excluded_lines": 0}, "missing_lines": [], "excluded_lines": []}}}, "src/models_v2.py": {"executed_lines": [], "summary": {"covered_lines": 0, "num_statements": 39, "percent_covered": 0.0, "percent_covered_display": "0", "missing_lines": 39, "excluded_lines": 0}, "missing_lines": [3, 4, 7, 10, 11, 12, 21, 25, 31, 34, 35, 36, 37, 43, 46, 47, 48, 49, 55, 58, 59, 60, 64, 70, 73, 74, 75, 76, 80, 84, 88, 94, 97, 98, 99, 100, 103, 106, 107], "excluded_lines": [], "functions": {"": {"executed_lines": [], "summary": {"covered_lines": 0, "num_statements": 39, "percent_covered": 0.0, "percent_covered_display": "0", "missing_lines": 39, "excluded_lines": 0}, "missing_lines": [3, 4, 7, 10, 11, 12, 21, 25, 31, 34, 35, 36, 37, 43, 46, 47, 48, 49, 55, 58, 59, 60, 64, 70, 73, 74, 75, 76, 80, 84, 88, 94, 97, 98, 99, 100, 103, 106, 107], "excluded_lines": []}}, "classes": {"AgentRegistration": {"executed_lines": [], "summary": {"covered_lines": 0, "num_statements": 0, "percent_covered": 100.0, "percent_covered_display": "100", "missing_lines": 0, "excluded_lines": 0}, "missing_lines": [], "excluded_lines": []}, "DataPublishEvent": {"executed_lines": [], "summary": {"covered_lines": 0, "num_statements": 0, "percent_covered": 100.0, "percent_covered_display": "100", "missing_lines": 0, "excluded_lines": 0}, "missing_lines": [], "excluded_lines": []}, "MatchedDataSource": {"executed_lines": [], "summary": {"covered_lines": 0, "num_statements": 0, "percent_covered": 100.0, "percent_covered_display": "100", "missing_lines": 0, "excluded_lines": 0}, "missing_lines": [], "excluded_lines": []}, "AgentContext": {"executed_lines": [], "summary": {"covered_lines": 0, "num_statements": 0, "percent_covered": 100.0, "percent_covered_display": "100", "missing_lines": 0, "excluded_lines": 0}, "missing_lines": [], "excluded_lines": []}, "RegistrationResponse": {"executed_lines": [], "summary": {"covered_lines": 0, "num_statements": 0, "percent_covered": 100.0, "percent_covered_display": "100", "missing_lines": 0, "excluded_lines": 0}, "missing_lines": [], "excluded_lines": []}, "SemanticSearchRequest": {"executed_lines": [], "summary": {"covered_lines": 0, "num_statements": 0, "percent_covered": 100.0, "percent_covered_display": "100", "missing_lines": 0, "excluded_lines": 0}, "missing_lines": [], "excluded_lines": []}, "SemanticSearchResult": {"executed_lines": [], "summary": {"covered_lines": 0, "num_statements": 0, "percent_covered": 100.0, "percent_covered_display": "100", "missing_lines": 0, "excluded_lines": 0}, "missing_lines": [], "excluded_lines": []}, "": {"executed_lines": [], "summary": {"covered_lines": 0, "num_statements": 39, "percent_covered": 0.0, "percent_covered_display": "0", "missing_lines": 39, "excluded_lines": 0}, "missing_lines": [3, 4, 7, 10, 11, 12, 21, 25, 31, 34, 35, 36, 37, 43, 46, 47, 48, 49, 55, 58, 59, 60, 64, 70, 73, 74, 75, 76, 80, 84, 88, 94, 97, 98, 99, 100, 103, 106, 107], "excluded_lines": []}}}, "src/registry.py": {"executed_lines": [1, 3, 4, 7, 8, 10, 11, 13, 15, 25, 26, 29, 30, 31, 32, 34, 37, 39, 41, 42, 44, 47, 48, 49, 52, 54, 56, 58, 60, 70, 72, 74, 76, 78], "summary": {"covered_lines": 32, "num_statements": 32, "percent_covered": 100.0, "percent_covered_display": "100", "missing_lines": 0, "excluded_lines": 0}, "missing_lines": [], "excluded_lines": [], "functions": {"AgentRegistry.__init__": {"executed_lines": [11, 13], "summary": {"covered_lines": 2, "num_statements": 2, "percent_covered": 100.0, "percent_covered_display": "100", "missing_lines": 0, "excluded_lines": 0}, "missing_lines": [], "excluded_lines": []}, "AgentRegistry.register_agent": {"executed_lines": [25, 26, 29, 30, 31, 32, 34, 37], "summary": {"covered_lines": 8, "num_statements": 8, "percent_covered": 100.0, "percent_covered_display": "100", "missing_lines": 0, "excluded_lines": 0}, "missing_lines": [], "excluded_lines": []}, "AgentRegistry.unregister_agent": {"executed_lines": [41, 42, 44, 47, 48, 49, 52, 54], "summary": {"covered_lines": 8, "num_statements": 8, "percent_covered": 100.0, "percent_covered_display": "100", "missing_lines": 0, "excluded_lines": 0}, "missing_lines": [], "excluded_lines": []}, "AgentRegistry.get_agent": {"executed_lines": [58], "summary": {"covered_lines": 1, "num_statements": 1, "percent_covered": 100.0, "percent_covered_display": "100", "missing_lines": 0, "excluded_lines": 0}, "missing_lines": [], "excluded_lines": []}, "AgentRegistry.get_affected_agents": {"executed_lines": [70], "summary": {"covered_lines": 1, "num_statements": 1, "percent_covered": 100.0, "percent_covered_display": "100", "missing_lines": 0, "excluded_lines": 0}, "missing_lines": [], "excluded_lines": []}, "AgentRegistry.get_all_agents": {"executed_lines": [74], "summary": {"covered_lines": 1, "num_statements": 1, "percent_covered": 100.0, "percent_covered_display": "100", "missing_lines": 0, "excluded_lines": 0}, "missing_lines": [], "excluded_lines": []}, "AgentRegistry.get_agent_count": {"executed_lines": [78], "summary": {"covered_lines": 1, "num_statements": 1, "percent_covered": 100.0, "percent_covered_display": "100", "missing_lines": 0, "excluded_lines": 0}, "missing_lines": [], "excluded_lines": []}, "": {"executed_lines": [1, 3, 4, 7, 8, 10, 15, 39, 56, 60, 72, 76], "summary": {"covered_lines": 10, "num_statements": 10, "percent_covered": 100.0, "percent_covered_display": "100", "missing_lines": 0, "excluded_lines": 0}, "missing_lines": [], "excluded_lines": []}}, "classes": {"AgentRegistry": {"executed_lines": [11, 13, 25, 26, 29, 30, 31, 32, 34, 37, 41, 42, 44, 47, 48, 49, 52, 54, 58, 70, 74, 78], "summary": {"covered_lines": 22, "num_statements": 22, "percent_covered": 100.0, "percent_covered_display": "100", "missing_lines": 0, "excluded_lines": 0}, "missing_lines": [], "excluded_lines": []}, "": {"executed_lines": [1, 3, 4, 7, 8, 10, 15, 39, 56, 60, 72, 76], "summary": {"covered_lines": 10, "num_statements": 10, "percent_covered": 100.0, "percent_covered_display": "100", "missing_lines": 0, "excluded_lines": 0}, "missing_lines": [], "excluded_lines": []}}}, "src/semantic_matcher.py": {"executed_lines": [], "summary": {"covered_lines": 0, "num_statements": 65, "percent_covered": 0.0, "percent_covered_display": "0", "missing_lines": 65, "excluded_lines": 1}, "missing_lines": [3, 4, 5, 6, 9, 21, 35, 36, 37, 38, 41, 43, 45, 55, 58, 61, 62, 68, 69, 71, 92, 94, 95, 98, 101, 103, 105, 106, 109, 115, 116, 117, 125, 128, 129, 132, 133, 134, 135, 137, 139, 141, 153, 156, 159, 160, 162, 164, 166, 173, 175, 176, 178, 179, 180, 182, 184, 186, 188, 190, 196, 198, 203, 204, 206], "excluded_lines": [76], "functions": {"SemanticDataMatcher.__init__": {"executed_lines": [], "summary": {"covered_lines": 0, "num_statements": 6, "percent_covered": 0.0, "percent_covered_display": "0", "missing_lines": 6, "excluded_lines": 0}, "missing_lines": [35, 36, 37, 38, 41, 43], "excluded_lines": []}, "SemanticDataMatcher.register_data": {"executed_lines": [], "summary": {"covered_lines": 0, "num_statements": 6, "percent_covered": 0.0, "percent_covered_display": "0", "missing_lines": 6, "excluded_lines": 0}, "missing_lines": [55, 58, 61, 62, 68, 69], "excluded_lines": []}, "SemanticDataMatcher.match_agent_needs": {"executed_lines": [], "summary": {"covered_lines": 0, "num_statements": 21, "percent_covered": 0.0, "percent_covered_display": "0", "missing_lines": 21, "excluded_lines": 1}, "missing_lines": [92, 94, 95, 98, 101, 103, 105, 106, 109, 115, 116, 117, 125, 128, 129, 132, 133, 134, 135, 137, 139], "excluded_lines": [76]}, "SemanticDataMatcher._auto_describe": {"executed_lines": [], "summary": {"covered_lines": 0, "num_statements": 6, "percent_covered": 0.0, "percent_covered_display": "0", "missing_lines": 6, "excluded_lines": 0}, "missing_lines": [153, 156, 159, 160, 162, 164], "excluded_lines": []}, "SemanticDataMatcher._flatten_dict": {"executed_lines": [], "summary": {"covered_lines": 0, "num_statements": 9, "percent_covered": 0.0, "percent_covered_display": "0", "missing_lines": 9, "excluded_lines": 0}, "missing_lines": [173, 175, 176, 178, 179, 180, 182, 184, 186], "excluded_lines": []}, "SemanticDataMatcher.get_registered_data": {"executed_lines": [], "summary": {"covered_lines": 0, "num_statements": 1, "percent_covered": 0.0, "percent_covered_display": "0", "missing_lines": 1, "excluded_lines": 0}, "missing_lines": [190], "excluded_lines": []}, "SemanticDataMatcher.clear_project": {"executed_lines": [], "summary": {"covered_lines": 0, "num_statements": 4, "percent_covered": 0.0, "percent_covered_display": "0", "missing_lines": 4, "excluded_lines": 0}, "missing_lines": [198, 203, 204, 206], "excluded_lines": []}, "": {"executed_lines": [], "summary": {"covered_lines": 0, "num_statements": 12, "percent_covered": 0.0, "percent_covered_display": "0", "missing_lines": 12, "excluded_lines": 0}, "missing_lines": [3, 4, 5, 6, 9, 21, 45, 71, 141, 166, 188, 196], "excluded_lines": []}}, "classes": {"SemanticDataMatcher": {"executed_lines": [], "summary": {"covered_lines": 0, "num_statements": 53, "percent_covered": 0.0, "percent_covered_display": "0", "missing_lines": 53, "excluded_lines": 1}, "missing_lines": [35, 36, 37, 38, 41, 43, 55, 58, 61, 62, 68, 69, 92, 94, 95, 98, 101, 103, 105, 106, 109, 115, 116, 117, 125, 128, 129, 132, 133, 134, 135, 137, 139, 153, 156, 159, 160, 162, 164, 173, 175, 176, 178, 179, 180, 182, 184, 186, 190, 198, 203, 204, 206], "excluded_lines": [76]}, "": {"executed_lines": [], "summary": {"covered_lines": 0, "num_statements": 12, "percent_covered": 0.0, "percent_covered_display": "0", "missing_lines": 12, "excluded_lines": 0}, "missing_lines": [3, 4, 5, 6, 9, 21, 45, 71, 141, 166, 188, 196], "excluded_lines": []}}}, "src/service.py": {"executed_lines": [1, 3, 4, 5, 7, 8, 9, 10, 13, 14, 24, 38, 39, 40, 41, 42, 44, 50, 54, 57, 60, 62, 63, 65, 67, 70, 73, 75, 76, 80, 103, 106, 108, 110, 112, 119, 145, 148, 152, 181, 210, 214, 216, 222, 224, 226, 230, 237], "summary": {"covered_lines": 46, "num_statements": 61, "percent_covered": 75.40983606557377, "percent_covered_display": "75", "missing_lines": 15, "excluded_lines": 0}, "missing_lines": [51, 52, 104, 114, 115, 146, 174, 175, 177, 211, 228, 232, 257, 258, 259], "excluded_lines": [], "functions": {"ContextEngineService.__init__": {"executed_lines": [38, 39, 40, 41, 42], "summary": {"covered_lines": 5, "num_statements": 5, "percent_covered": 100.0, "percent_covered_display": "100", "missing_lines": 0, "excluded_lines": 0}, "missing_lines": [], "excluded_lines": []}, "ContextEngineService.initialize": {"executed_lines": [50, 54, 57, 60, 62, 63], "summary": {"covered_lines": 6, "num_statements": 8, "percent_covered": 75.0, "percent_covered_display": "75", "missing_lines": 2, "excluded_lines": 0}, "missing_lines": [51, 52], "excluded_lines": []}, "ContextEngineService.shutdown": {"executed_lines": [67, 70, 73, 75, 76], "summary": {"covered_lines": 5, "num_statements": 5, "percent_covered": 100.0, "percent_covered_display": "100", "missing_lines": 0, "excluded_lines": 0}, "missing_lines": [], "excluded_lines": []}, "ContextEngineService.register_agent": {"executed_lines": [103, 106, 108, 110], "summary": {"covered_lines": 4, "num_statements": 5, "percent_covered": 80.0, "percent_covered_display": "80", "missing_lines": 1, "excluded_lines": 0}, "missing_lines": [104], "excluded_lines": []}, "ContextEngineService.unregister_agent": {"executed_lines": [], "summary": {"covered_lines": 0, "num_statements": 2, "percent_covered": 0.0, "percent_covered_display": "0", "missing_lines": 2, "excluded_lines": 0}, "missing_lines": [114, 115], "excluded_lines": []}, "ContextEngineService.get_context": {"executed_lines": [145, 148], "summary": {"covered_lines": 2, "num_statements": 3, "percent_covered": 66.66666666666667, "percent_covered_display": "67", "missing_lines": 1, "excluded_lines": 0}, "missing_lines": [146], "excluded_lines": []}, "ContextEngineService.subscribe_to_updates": {"executed_lines": [], "summary": {"covered_lines": 0, "num_statements": 3, "percent_covered": 0.0, "percent_covered_display": "0", "missing_lines": 3, "excluded_lines": 0}, "missing_lines": [174, 175, 177], "excluded_lines": []}, "ContextEngineService.update_project_state": {"executed_lines": [210, 214, 216, 222, 224], "summary": {"covered_lines": 5, "num_statements": 6, "percent_covered": 83.33333333333333, "percent_covered_display": "83", "missing_lines": 1, "excluded_lines": 0}, "missing_lines": [211], "excluded_lines": []}, "ContextEngineService.get_registered_agents": {"executed_lines": [], "summary": {"covered_lines": 0, "num_statements": 1, "percent_covered": 0.0, "percent_covered_display": "0", "missing_lines": 1, "excluded_lines": 0}, "missing_lines": [228], "excluded_lines": []}, "ContextEngineService.get_agent_profile": {"executed_lines": [], "summary": {"covered_lines": 0, "num_statements": 1, "percent_covered": 0.0, "percent_covered_display": "0", "missing_lines": 1, "excluded_lines": 0}, "missing_lines": [232], "excluded_lines": []}, "create_context_engine_service": {"executed_lines": [], "summary": {"covered_lines": 0, "num_statements": 3, "percent_covered": 0.0, "percent_covered_display": "0", "missing_lines": 3, "excluded_lines": 0}, "missing_lines": [257, 258, 259], "excluded_lines": []}, "": {"executed_lines": [1, 3, 4, 5, 7, 8, 9, 10, 13, 14, 24, 44, 65, 80, 112, 119, 152, 181, 226, 230, 237], "summary": {"covered_lines": 19, "num_statements": 19, "percent_covered": 100.0, "percent_covered_display": "100", "missing_lines": 0, "excluded_lines": 0}, "missing_lines": [], "excluded_lines": []}}, "classes": {"ContextEngineService": {"executed_lines": [38, 39, 40, 41, 42, 50, 54, 57, 60, 62, 63, 67, 70, 73, 75, 76, 103, 106, 108, 110, 145, 148, 210, 214, 216, 222, 224], "summary": {"covered_lines": 27, "num_statements": 39, "percent_covered": 69.23076923076923, "percent_covered_display": "69", "missing_lines": 12, "excluded_lines": 0}, "missing_lines": [51, 52, 104, 114, 115, 146, 174, 175, 177, 211, 228, 232], "excluded_lines": []}, "": {"executed_lines": [1, 3, 4, 5, 7, 8, 9, 10, 13, 14, 24, 44, 65, 80, 112, 119, 152, 181, 226, 230, 237], "summary": {"covered_lines": 19, "num_statements": 22, "percent_covered": 86.36363636363636, "percent_covered_display": "86", "missing_lines": 3, "excluded_lines": 0}, "missing_lines": [257, 258, 259], "excluded_lines": []}}}}, "totals": {"covered_lines": 340, "num_statements": 651, "percent_covered": 52.22734254992319, "percent_covered_display": "52", "missing_lines": 311, "excluded_lines": 1}}